warning: manifest out of date: source kind (git/path) of dependency 'mathlib' changed; use `lake update mathlib` to update it
warning: VersoBlueprint: repository '/Users/mcu22seu/Documents/GitHub/AINTLIB/projects/LeanModularForms/_blueprint/.lake/packages/VersoBlueprint' has local changes
⚠ [128/332] Replayed VersoManual.Docstring
warning: src/verso-manual/VersoManual/Docstring.lean:1535:2: `@[expose]` has no effect outside a `module` file
⚠ [222/332] Replayed VersoBlueprint.Data
warning: src/VersoBlueprint/Data.lean:44:2: `@[expose]` has no effect outside a `module` file
warning: src/VersoBlueprint/Data.lean:48:2: `@[expose]` has no effect outside a `module` file
warning: src/VersoBlueprint/Data.lean:52:2: `@[expose]` has no effect outside a `module` file
warning: src/VersoBlueprint/Data.lean:55:2: `@[expose]` has no effect outside a `module` file
✔ [6814/7110] Built VersoBlueprint.Lib.HoverRender (2.9s)
⚠ [8912/9019] Replayed LeanModularForms.ForMathlib.GeneralizedResidueTheory.PVInfrastructure.AnnulusBounds
warning: projects/LeanModularForms/LeanModularForms/ForMathlib/GeneralizedResidueTheory/PVInfrastructure/AnnulusBounds.lean:262:8: 'change 2 * (r₂ - r₁) = 4 * Δ / L_norm' tactic does nothing

Note: This linter can be disabled with `set_option linter.unusedTactic false`
⚠ [8941/9019] Replayed LeanModularForms.ForMathlib.CanonicalReps
warning: projects/LeanModularForms/LeanModularForms/ForMathlib/CanonicalReps.lean:281:4: 'change (↑g⁻¹ : Matrix (Fin 2) (Fin 2) ℤ) 1 0 = _' tactic does nothing

Note: This linter can be disabled with `set_option linter.unusedTactic false`
⚠ [8998/9019] Replayed LeanModularForms.ForMathlib.GeneralizedResidueTheory.ArcCalculus
warning: projects/LeanModularForms/LeanModularForms/ForMathlib/GeneralizedResidueTheory/ArcCalculus.lean:33:58: Variable name `hab` is not explicitly referenced.

The binding can be removed (if unused) or named `_` (if used implicitly).

Note: This linter can be disabled with `set_option linter.unusedVariables false`
⚠ [9006/9019] Replayed LeanModularForms.ForMathlib.ValenceFormula.OnCurvePV.EndpointCorner
warning: projects/LeanModularForms/LeanModularForms/ForMathlib/ValenceFormula/OnCurvePV/EndpointCorner.lean:471:6: try 'simp' instead of 'simpa'

Note: This linter can be disabled with `set_option linter.unnecessarySimpa false`
warning: projects/LeanModularForms/LeanModularForms/ForMathlib/ValenceFormula/OnCurvePV/EndpointCorner.lean:477:6: try 'simp' instead of 'simpa'

Note: This linter can be disabled with `set_option linter.unnecessarySimpa false`
⚠ [9010/9019] Replayed LeanModularForms.ForMathlib.ValenceFormula.PVChain.ResidueSideInfra
warning: projects/LeanModularForms/LeanModularForms/ForMathlib/ValenceFormula/PVChain/ResidueSideInfra.lean:569:6: 'change 0 < ((-1 : ℂ) * (fdBoundary_H H t - z₀)).re' tactic does nothing

Note: This linter can be disabled with `set_option linter.unusedTactic false`
ℹ [9011/9019] Replayed LeanModularForms.ForMathlib.ValenceFormula.PVChain.ArcContribution
info: projects/LeanModularForms/LeanModularForms/ForMathlib/ValenceFormula/PVChain/ArcContribution.lean:44:2: Try this:
  [apply] ring_nf
  
  The `ring` tactic failed to close the goal. Use `ring_nf` to obtain a normal form.
    
  Note that `ring` works primarily in *commutative* rings. If you have a noncommutative ring, abelian group or module, consider using `noncomm_ring`, `abel` or `module` instead.
