✔ [6/66] Built MD4Lean/md4c.static (1.9s)
✔ [8/66] Built Verso.CLI (1.2s)
✔ [9/70] Built Verso.Doc.DocName (1.2s)
✔ [10/70] Built Verso.Hover (1.3s)
✔ [11/70] Built Verso.EnvExtension (1.3s)
✔ [12/70] Built Verso.Doc.Elab.ExpanderAttribute (1.3s)
✔ [13/70] Built Verso.Doc.Suggestion.Basic (1.2s)
✔ [14/84] Built Verso.Parser.Lean (1.3s)
✔ [15/84] Built Verso.Doc.Helpers (1.4s)
✔ [16/84] Built md4c.static:shared (157ms)
✔ [18/84] Built Verso.Hint (1.3s)
✔ [19/89] Built Verso.Instances.Deriving (1.6s)
✔ [20/89] Built Verso.Log (1.1s)
✔ [21/89] Built Verso.Output.Html.Entities (1.2s)
✔ [22/89] Built Verso.Output.Html.AttributeName (1.2s)
✔ [23/90] Built Verso.Method (1.8s)
✔ [24/90] Built Verso.Output.Html.Comments (1.2s)
✔ [25/93] Built Verso.Output.Html.Tags (882ms)
✔ [26/93] Built VersoUtil.WfRec (831ms)
✔ [27/98] Built Verso.Doc.Elab.InlineString (944ms)
✔ [28/98] Built Verso.Code.Highlighted.WebAssets (845ms)
✔ [29/98] Built Verso.Output.Html.CssVars (832ms)
✔ [30/99] Built Verso.Doc.Name (1.1s)
✔ [31/100] Built Verso.Output.Html.ElasticLunr (907ms)
✔ [32/111] Built Verso.Doc.Suggestion (1.4s)
✔ [33/111] Built Verso.Doc.PointOfInterest (1.3s)
✔ [34/111] Built Verso.FS (971ms)
✔ [35/111] Built VersoSearch.PorterStemmer (1.3s)
✔ [36/125] Built Verso.Instances (1.6s)
✔ [37/125] Built MD4Lean (1.0s)
✔ [38/125] Built MultiVerso.InternalId (1.2s)
✔ [39/125] Built MultiVerso.Path (1.1s)
✔ [40/130] Built VersoUtil.BinFiles.Z85 (1.9s)
✔ [41/130] Built MultiVerso.NameMap (1.3s)
✔ [42/132] Built VersoManual.LicenseInfo (1.2s)
✔ [43/132] Built Verso.BEq (1.1s)
✔ [44/139] Built MultiVerso.Manifest (1.5s)
✔ [45/139] Built VersoManual.TeX (1.1s)
✔ [46/141] Built MD4Lean:c.o (554ms)
✔ [47/141] Built VersoManual.Html.Basic (1.2s)
✔ [48/141] Built VersoManual.Ext (1.2s)
✔ [49/141] Built SubVerso.Compat (4.2s)
✔ [50/143] Built MD4Lean:shared (67ms)
✔ [51/143] Built VersoManual.TeX.Config (1.2s)
✔ [52/143] Built VersoManual.Html.Style (1.1s)
✔ [53/143] Built Verso.Output.Html (2.3s)
✔ [54/143] Built VersoManual.Docstring.Config (1.2s)
✔ [55/143] Built VersoManual.WebAssets (1.1s)
✔ [56/145] Built VersoManual.Html.DataFile (1.2s)
✔ [57/145] Built VersoManual.LicenseInfo.Licenses (1.1s)
✔ [58/148] Built VersoManual.Html.CssFile (1.1s)
✔ [59/148] Built VersoManual.InlineLean.IO.Context (1.1s)
✔ [62/162] Built VersoUtil.BinFiles (1.6s)
✔ [63/162] Built VersoManual.Html.JsFile (1.2s)
✔ [64/163] Built Verso.SyntaxUtils (2.1s)
✔ [65/169] Built VersoManual.InlineLean.Scopes (1.7s)
✔ [66/169] Built VersoManual.InlineLean.LongLines (1.3s)
✔ [67/226] Built VersoManual.Docstring.PrettyPrint (2.4s)
✔ [69/228] Built Illuminate.Geometry.Basic (1.2s)
✔ [70/228] Built Illuminate.Geometry.Types (1.3s)
✔ [71/229] Built VersoManual.Html.SoftHyphenate (1.6s)
✔ [72/230] Built Illuminate.Animation.Types (1.2s)
✔ [73/230] Built VersoLiterate.Config (1.8s)
✔ [74/230] Built MultiVerso.Slug (5.4s)
✔ [75/230] Built VersoSearch.DomainSearch (2.1s)
✔ [76/230] Built Verso.Output.Html.KaTeX (2.1s)
✔ [77/230] Built Illuminate.Animation.Easing (1.1s)
✔ [78/230] Built Verso.WithoutAsync (3.2s)
✔ [79/230] Built Illuminate.Geometry.Vec2 (1.2s)
✔ [80/232] Built SubVerso.Examples.Messages.NormalizeLineNum (3.3s)
✔ [81/232] Built SubVerso.Examples.Messages.NormalizeMetavars (3.3s)
✔ [82/232] Built Illuminate.Geometry.Matrix (1.1s)
✔ [83/234] Built SubVerso.Highlighting.Messages (3.3s)
✔ [84/234] Built SubVerso.Helper.Netstring (3.3s)
✔ [85/234] Built Illuminate.Geometry.PathData (1.2s)
✔ [86/234] Built VersoBlueprint.Html (1.8s)
✔ [87/236] Built Verso.Parser (2.6s)
✔ [88/236] Built Illuminate.Geometry.Point (996ms)
✔ [89/236] Built Illuminate.Style.Arrow (1.1s)
✔ [90/238] Built Illuminate.Animation.Animate (991ms)
✔ [91/240] Built Illuminate.Animation.Render (1.1s)
✔ [92/240] Built MultiVerso.Link (1.1s)
✔ [93/245] Built Illuminate.Geometry.Envelope (1.1s)
✔ [94/247] Built Illuminate.Style.Types (1.4s)
✔ [95/248] Built VersoManual.Html.Features (1.6s)
✔ [96/248] Built Verso.ExpectString (1.6s)
✔ [97/248] Built Illuminate.Animation.Morph.CubicSeg (1.4s)
✔ [98/248] Built Verso.Output.TeX (2.1s)
✔ [99/248] Built VersoBlueprint.Commands.Common (1.3s)
✔ [100/251] Built Illuminate.Geometry.Trace (1.8s)
✔ [101/251] Built VersoBlueprint.Process (4.1s)
✔ [102/251] Built SubVerso.Highlighting.Highlighted (5.4s)
✔ [103/252] Built Verso.Linters (2.0s)
✔ [104/253] Built Illuminate.Animation.Interpolate (1.3s)
✔ [105/253] Built Illuminate.Style.Stroke (1.3s)
✔ [106/253] Built Illuminate.Render.DrawCmd (1.4s)
✔ [107/254] Built SubVerso.Examples.Messages (3.2s)
✔ [108/254] Built MultiVerso (2.3s)
✔ [109/254] Built Illuminate.Style.Color (1.9s)
✔ [110/255] Built Illuminate.Geometry (1.1s)
✔ [111/255] Built Illuminate.Style.Text (1.4s)
✔ [112/255] Built VersoManual.Html.Config (1.5s)
✔ [113/260] Built Verso.Output (1.5s)
✔ [114/261] Built VersoBlueprint.Macros (4.0s)
✔ [115/298] Built VersoManual.Docstring.Basic (1.5s)
✔ [116/298] Built VersoBlueprint.MathLint (4.3s)
✔ [118/298] Built VersoBlueprint.DirectiveArgParsing (1.0s)
✔ [119/298] Built Illuminate.Diagram.Types (1.6s)
✔ [120/298] Built VersoBlueprint.LabelNameParsing (4.1s)
✔ [122/298] Built SubVerso.Highlighting.Messages:c.o (73ms)
✔ [123/298] Built Illuminate.Animation.Morph.Style (1.6s)
✔ [124/298] Built VersoBlueprint.Informal.LeanDeclPreviewKey (4.0s)
✔ [125/298] Built Illuminate.Style.ColorWidget (1.7s)
✔ [126/298] Built Illuminate.Render.Svg (1.9s)
✔ [127/298] Built SubVerso.Compat:c.o (991ms)
✔ [128/298] Built SubVerso.Highlighting.String (2.9s)
✔ [129/298] Built Illuminate.Animation.Effects (1.1s)
✔ [130/298] Built Illuminate.Animation.Morph.Types (1.2s)
✔ [131/298] Built VersoBlueprint.Git (3.8s)
✔ [132/298] Built SubVerso.Highlighting.Split (3.1s)
✔ [133/298] Built Illuminate.Render (852ms)
✔ [134/298] Built SubVerso.Highlighting.String:c.o (157ms)
✔ [135/298] Built Illuminate.Diagram.Basic (1.4s)
✔ [136/298] Built Illuminate.Backend.SVG (1.1s)
✔ [137/298] Built SubVerso.Highlighting.Anchors.Basic (3.3s)
✔ [138/298] Built Illuminate.Style (1.3s)
✔ [139/298] Built SubVerso.Highlighting.Export (3.4s)
✔ [140/298] Built SubVerso.Highlighting.Split:c.o (545ms)
✔ [141/298] Built Illuminate.Animation.Morph.Evaluate (860ms)
✔ [142/298] Built VersoBlueprint.LeanNameParsing (3.3s)
✔ [143/298] Built Illuminate.Shapes.Arrows (839ms)
✔ [144/298] Built VersoBlueprint.StyleSwitcher (2.0s)
✔ [145/298] Built SubVerso.Highlighting.Highlighted:c.o (2.0s)
✔ [146/298] Built SubVerso.Highlighting.Anchors.Basic:c.o (1.0s)
✔ [147/298] Built SubVerso.Highlighting.Export:c.o (1.2s)
✔ [148/298] Built SubVerso.Highlighting.Anchors.Check (1.4s)
✔ [149/298] Built VersoBlueprint.RuntimeCache (1.0s)
✔ [150/298] Built SubVerso.Highlighting.Anchors.Check:c.o (216ms)
✔ [151/298] Built Illuminate.Diagram.Placement (2.0s)
✔ [152/298] Built Illuminate.Diagram.CurlyBrace (988ms)
✔ [153/298] Built Illuminate.Animation.Filmstrip (996ms)
✔ [154/298] Built SubVerso.Highlighting.Anchors (1.5s)
✔ [155/298] Built Illuminate.Diagram.Paper (1.0s)
✔ [156/298] Built Illuminate.Diagram.HitTest (1.0s)
✔ [157/298] Built Illuminate.Shapes.Flowchart (1.0s)
✔ [158/298] Built Illuminate.Shapes.Decorative (1.1s)
✔ [159/298] Built Illuminate.Shapes.Operators (1.1s)
✔ [160/298] Built Illuminate.Diagram.Arrow (1.2s)
✔ [161/298] Built Illuminate.Shapes.Bubbles (1.2s)
✔ [162/298] Built SubVerso.Highlighting.Anchors:c.o (62ms)
✔ [163/298] Built Illuminate.Animation.Morph.Prepare (1.3s)
✔ [164/298] Built Illuminate.Animation.Morph (662ms)
✔ [165/298] Built Illuminate.Shapes (696ms)
✔ [166/298] Built Illuminate.Diagram.Compile (801ms)
✔ [167/298] Built Illuminate.DSL.StateDiagram (786ms)
✔ [168/298] Built Illuminate.DSL.CommDiag (916ms)
✔ [169/298] Built Illuminate.Diagram.TreeLayout (1.3s)
✔ [170/298] Built Illuminate.Diagram.Validate (629ms)
✔ [171/298] Built Illuminate.DSL (555ms)
✔ [172/298] Built Illuminate.Diagram (553ms)
✔ [173/298] Built Illuminate.Animation.Compile (1.3s)
✔ [174/298] Built Illuminate.Widget (1.3s)
✔ [175/298] Built Illuminate.Animation.Widget (689ms)
✔ [176/298] Built Illuminate.Animation (575ms)
✔ [177/298] Built Illuminate (593ms)
✔ [178/298] Built SubVerso.Highlighting.Code (16s)
✔ [179/298] Built SubVerso.Highlighting (1.0s)
✔ [180/298] Built SubVerso.Highlighting:c.o (63ms)
✔ [181/298] Built SubVerso.Module (1.5s)
✔ [182/298] Built SubVerso.Helper (1.5s)
✔ [183/298] Built SubVerso.Examples.Env (1.5s)
✔ [184/298] Built Verso.Code.External.Code (1.7s)
✔ [185/298] Built VersoManual.Docstring.DocName (1.7s)
✔ [186/298] Built SubVerso.Module:c.o (217ms)
✔ [187/298] Built SubVerso.Examples.Env:c.o (323ms)
✔ [188/298] Built Verso.Doc (2.3s)
✔ [189/298] Built Verso.Code.External.Env (1.2s)
✔ [190/298] Built ExtractModule (1.6s)
✔ [191/298] Built ExtractModule:c.o (270ms)
✔ [192/298] Built Verso.Doc.Elab.Basic (1.7s)
✔ [193/298] Built Verso.Doc.TeX (1.7s)
✔ [194/298] Built SubVerso.Examples (2.9s)
✔ [195/298] Built Verso.Code.External.Files (1.9s)
✔ [196/298] Built Verso.Code.Highlighted (2.3s)
✔ [197/298] Built VersoSearch (2.3s)
✔ [198/298] Built Verso.Doc.ArgParse (3.8s)
✔ [199/298] Built Verso.Code.HighlightedToTex (1.4s)
✔ [200/298] Built Verso.Doc.Html (1.5s)
✔ [201/298] Built SubVerso.Highlighting.Code:c.o (7.1s)
✔ [202/298] Built Verso.Code.External.Config (1.3s)
✔ [203/303] Built «subverso-extract-mod»:exe (2.0s)
✔ [247/369] Built VersoBlueprint.Graft.Assets (444ms)
✔ [248/369] Built VersoSlides.ImgSrc (559ms)
✔ [249/369] Built VersoSlides.SlideCode.CommentParsers (842ms)
✔ [250/369] Built VersoSlides.ImageWidget (889ms)
✔ [251/369] Built Verso.Doc.Elab.Monad (2.0s)
✔ [252/369] Built VersoSlidesVendored (1.8s)
✔ [253/369] Built VersoSlides.SlideCode (1.3s)
✔ [254/369] Built VersoManual.Basic (4.2s)
✔ [255/369] Built VersoBlueprint.Profiling (1.4s)
✔ [256/369] Built Verso.Doc.Elab.Inline (1.5s)
✔ [257/369] Built VersoIlluminate (1.6s)
✔ [258/369] Built Verso.Doc.Lsp (2.8s)
✔ [259/369] Built VersoManual.Glossary.Norm (1.7s)
✔ [260/369] Built VersoManual.WordCount (1.8s)
✔ [261/369] Built VersoSlides.SlideCode.Export (1.8s)
✔ [262/369] Built VersoManual.License (1.9s)
✔ [263/369] Built VersoSlides.SlideCode.Render (1.9s)
✔ [264/369] Built Verso.Doc.Elab.Block (1.9s)
✔ [265/369] Built VersoManual.Html (2.1s)
✔ [266/369] Built VersoSlides.Basic (2.6s)
✔ [267/369] Built VersoManual.Diagrams (2.5s)
✔ [268/369] Built VersoManual.HighlightedCode (1.3s)
✔ [269/369] Built VersoSlides.Attributes (1.3s)
✔ [270/369] Built VersoSlides.OtherLanguages (1.6s)
✔ [271/369] Built Verso.Doc.Elab (2.7s)
✔ [272/369] Built VersoManual.InlineLean.Block (1.6s)
✔ [339/479] Built VersoSlides.Render (2.5s)
✔ [384/479] Built Verso.Doc.Concrete.InlineString (2.3s)
✔ [385/479] Built VersoManual.Draft (2.4s)
✔ [386/479] Built VersoManual.Row (2.7s)
✔ [387/479] Built VersoManual.Markdown (2.7s)
✔ [388/479] Built VersoManual.Glossary (2.9s)
✔ [389/479] Built VersoManual.Table (2.0s)
✔ [390/479] Built VersoManual.Index (3.0s)
✔ [391/479] Built VersoSlides.Directives (3.3s)
✔ [392/479] Built VersoManual.Docstring.Progress (4.1s)
✔ [393/479] Built Verso.Doc.Concrete (2.2s)
✔ [394/479] Built Verso.Code.External (5.1s)
✔ [395/479] Built Verso.Code (1.1s)
✔ [396/479] Built VersoManual.Linters (1.7s)
✔ [599/681] Built Verso (1.2s)
✔ [741/822] Built VersoBlueprint.Lib.HoverInline (2.2s)
✔ [742/822] Built VersoManual.InlineLean.Outputs (2.2s)
✔ [743/822] Built VersoManual.Marginalia (2.3s)
✔ [744/822] Built VersoManual.InlineLean.Option (2.3s)
✔ [745/844] Built VersoLiterate.Basic (2.5s)
✔ [768/844] Built VersoManual.ExternalLean (2.5s)
✔ [769/844] Built VersoManual.LocalContents (2.6s)
✔ [770/844] Built VersoManual.InlineLean.Signature (2.6s)
✔ [850/927] Built VersoManual.InlineLean.IO (3.4s)
✔ [851/927] Built LeanSearchClient.Basic (572ms)
✔ [852/927] Built VersoLiterate.Search (1.4s)
⚠ [853/927] Built VersoManual.Docstring (5.6s)
warning: src/verso-manual/VersoManual/Docstring.lean:1535:2: `@[expose]` has no effect outside a `module` file
✔ [854/927] Built VersoManual.Imports (1.9s)
✔ [855/927] Built VersoManual.InlineLean.SyntaxError (2.4s)
✔ [856/927] Built LeanSearchClient.Syntax (1.2s)
✔ [857/927] Built VersoLiterate.Exported (2.5s)
✔ [885/1153] Built LeanSearchClient.LoogleSyntax (1.0s)
✔ [979/1397] Built VersoManual.Bibliography (3.5s)
✔ [1249/2534] Built VersoLiterate.Module (1.3s)
✔ [1250/2534] Built LeanSearchClient (593ms)
✔ [5069/5384] Built VersoLiterate (1.5s)
✔ [6335/6582] Built VersoManual.InlineLean (3.7s)
⚠ [8857/9025] Replayed LeanModularForms.ForMathlib.GeneralizedResidueTheory.PVInfrastructure.AnnulusBounds
warning: projects/LeanModularForms/LeanModularForms/ForMathlib/GeneralizedResidueTheory/PVInfrastructure/AnnulusBounds.lean:262:8: 'change 2 * (r₂ - r₁) = 4 * Δ / L_norm' tactic does nothing

Note: This linter can be disabled with `set_option linter.unusedTactic false`
⚠ [8886/9025] Replayed LeanModularForms.ForMathlib.CanonicalReps
warning: projects/LeanModularForms/LeanModularForms/ForMathlib/CanonicalReps.lean:281:4: 'change (↑g⁻¹ : Matrix (Fin 2) (Fin 2) ℤ) 1 0 = _' tactic does nothing

Note: This linter can be disabled with `set_option linter.unusedTactic false`
⚠ [8941/9025] Replayed LeanModularForms.ForMathlib.GeneralizedResidueTheory.ArcCalculus
warning: projects/LeanModularForms/LeanModularForms/ForMathlib/GeneralizedResidueTheory/ArcCalculus.lean:33:58: Variable name `hab` is not explicitly referenced.

The binding can be removed (if unused) or named `_` (if used implicitly).

Note: This linter can be disabled with `set_option linter.unusedVariables false`
⚠ [8949/9025] Replayed LeanModularForms.ForMathlib.ValenceFormula.OnCurvePV.EndpointCorner
warning: projects/LeanModularForms/LeanModularForms/ForMathlib/ValenceFormula/OnCurvePV/EndpointCorner.lean:471:6: try 'simp' instead of 'simpa'

Note: This linter can be disabled with `set_option linter.unnecessarySimpa false`
warning: projects/LeanModularForms/LeanModularForms/ForMathlib/ValenceFormula/OnCurvePV/EndpointCorner.lean:477:6: try 'simp' instead of 'simpa'

Note: This linter can be disabled with `set_option linter.unnecessarySimpa false`
⚠ [8953/9025] Replayed LeanModularForms.ForMathlib.ValenceFormula.PVChain.ResidueSideInfra
warning: projects/LeanModularForms/LeanModularForms/ForMathlib/ValenceFormula/PVChain/ResidueSideInfra.lean:569:6: 'change 0 < ((-1 : ℂ) * (fdBoundary_H H t - z₀)).re' tactic does nothing

Note: This linter can be disabled with `set_option linter.unusedTactic false`
ℹ [8954/9025] Replayed LeanModularForms.ForMathlib.ValenceFormula.PVChain.ArcContribution
info: projects/LeanModularForms/LeanModularForms/ForMathlib/ValenceFormula/PVChain/ArcContribution.lean:44:2: Try this:
  [apply] ring_nf
  
  The `ring` tactic failed to close the goal. Use `ring_nf` to obtain a normal form.
    
  Note that `ring` works primarily in *commutative* rings. If you have a noncommutative ring, abelian group or module, consider using `noncomm_ring`, `abel` or `module` instead.
✔ [8962/9025] Built VersoManual.Literate (2.7s)
✔ [8963/9025] Built VersoSlides.Diagram (2.2s)
✔ [8964/9025] Built VersoSlides.InlineLean (2.7s)
✔ [8965/9025] Built VersoSlides.Animate (1.7s)
✔ [8966/9025] Built VersoSlides.ModuleExample (2.0s)
✔ [8967/9025] Built VersoManual (4.8s)
✔ [8968/9025] Built VersoSlides.LibModule (2.8s)
✔ [8969/9025] Built VersoBlueprint.Informal.Block.Assets (1.8s)
✔ [8970/9025] Built VersoBlueprint.Resolve (1.8s)
✔ [8971/9025] Built VersoBlueprint.Math (1.0s)
✔ [8972/9025] Built VersoBlueprint.ExternalDeclRender (2.2s)
✔ [8973/9025] Built VersoSlides (1.6s)
⚠ [8974/9025] Built VersoBlueprint.Data (3.0s)
warning: src/VersoBlueprint/Data.lean:44:2: `@[expose]` has no effect outside a `module` file
warning: src/VersoBlueprint/Data.lean:48:2: `@[expose]` has no effect outside a `module` file
warning: src/VersoBlueprint/Data.lean:52:2: `@[expose]` has no effect outside a `module` file
warning: src/VersoBlueprint/Data.lean:55:2: `@[expose]` has no effect outside a `module` file
✔ [8975/9025] Built VersoBlueprint.Informal.GroupData (2.7s)
✔ [8976/9025] Built VersoBlueprint.Informal.LabelArg (2.7s)
✔ [8977/9025] Built VersoBlueprint.Informal.UseConfig (2.7s)
✔ [8978/9025] Built VersoBlueprint.ProvedStatus (2.7s)
✔ [8979/9025] Built VersoBlueprint.Rust (2.8s)
✔ [8980/9025] Built VersoBlueprint.PreviewCache (2.7s)
✔ [8981/9025] Built VersoBlueprint.Environment (3.0s)
✔ [8982/9025] Built VersoBlueprint.Informal.Block.Model (3.2s)
✔ [8983/9025] Built VersoBlueprint.ExternalRefSnapshot (2.5s)
✔ [8984/9025] Built VersoBlueprint.Graft.Node (2.6s)
✔ [8985/9025] Built VersoBlueprint.DependencyAnalysis (2.5s)
✔ [8986/9025] Built VersoBlueprint.Informal.MetadataView (2.4s)
✔ [8987/9025] Built VersoBlueprint.Lean (2.9s)
✔ [8988/9025] Built VersoBlueprint.Informal.Author (2.5s)
✔ [8989/9025] Built VersoBlueprint.TraversalIndex (2.4s)
✔ [8990/9025] Built VersoBlueprint.Informal.Block.Common (2.4s)
✔ [8991/9025] Built VersoBlueprint.Commands.Summary.Data (3.5s)
✔ [8992/9025] Built VersoBlueprint.Graph (3.2s)
✔ [8993/9025] Built VersoBlueprint.Slides.Node (2.3s)
✔ [8994/9025] Built VersoBlueprint.Informal.RustPanel (2.1s)
✔ [8995/9025] Built VersoBlueprint.Informal.Block.Store (2.3s)
✔ [8996/9025] Built VersoBlueprint.Informal.Group (2.3s)
✔ [8997/9025] Built VersoBlueprint.Informal.Block.Render (2.4s)
✔ [8998/9025] Built VersoBlueprint.Lib.HoverRender (2.4s)
✔ [8999/9025] Built VersoBlueprint.Attribute (2.7s)
✔ [9000/9025] Built VersoBlueprint.Informal.LeanCodeLink (1.9s)
✔ [9001/9025] Built VersoBlueprint.PreviewRender (2.0s)
✔ [9002/9025] Built VersoBlueprint.Informal.Block.RelatedPanel (2.2s)
✔ [9003/9025] Built VersoBlueprint.Cite (2.8s)
✔ [9004/9025] Built VersoBlueprint.Lib.PreviewSource (1.8s)
✔ [9005/9025] Built VersoBlueprint.Informal.ExternalCode (2.0s)
✔ [9006/9025] Built VersoBlueprint.Informal.CodeSummary (2.1s)
✔ [9007/9025] Built VersoBlueprint.Commands.Bibliography (2.1s)
✔ [9008/9025] Built VersoBlueprint.Informal.LeanCodePreview (1.8s)
✔ [9009/9025] Built VersoBlueprint.Informal.Block.Config (1.9s)
✔ [9010/9025] Built VersoBlueprint.Commands.Graph (2.6s)
✔ [9011/9025] Built VersoBlueprint.Informal.Block.Traversal (1.8s)
✔ [9012/9025] Built VersoBlueprint.Commands.Summary (3.0s)
✔ [9013/9025] Built VersoBlueprint.Informal.Block (2.4s)
✔ [9014/9025] Built VersoBlueprint.Informal.Uses (2.0s)
✔ [9015/9025] Built VersoBlueprint.Informal.Code (2.5s)
✔ [9016/9025] Built VersoBlueprint.PreviewManifest (3.5s)
✔ [9017/9025] Built VersoBlueprint.Informal.RustBlock (1.8s)
✔ [9018/9025] Built VersoBlueprint.PreviewManifest.RelatedPanel (1.6s)
✔ [9019/9025] Built VersoBlueprint.PreviewManifest.BlockRender (1.6s)
✔ [9020/9025] Built VersoBlueprint.Graft.Render (1.6s)
✔ [9021/9025] Built VersoBlueprint.Graft (1.8s)
✔ [9022/9025] Built VersoBlueprint (1.6s)
✔ [9023/9025] Built LeanModularFormsBlueprint.Refs (1.7s)
✔ [9024/9025] Built LeanModularFormsBlueprint.TexPrelude (1.6s)
✔ [9025/9025] Built LeanModularFormsBlueprint.Chapters.Curves (35s)
Build completed successfully (9025 jobs).
